<?xml version="1.0" encoding="UTF-8"?>
<Site BuildName="Win32-MSBuild"
	BuildStamp="20230920-2258-Experimental"
	Name="LAPTOP-DHMFOT8H"
	Generator="ctest-3.25.1-msvc1"
	CompilerName="C:/Program Files (x86)/Microsoft Visual Studio/2019/BuildTools/VC/Tools/MSVC/14.29.30133/bin/Hostx86/x86/cl.exe"
	CompilerVersion="19.29.30148.0"
	OSName="Windows"
	Hostname="LAPTOP-DHMFOT8H"
	OSRelease=" Professional"
	OSVersion=" (Build 22621)"
	OSPlatform="x86"
	Is64Bits="1"
	VendorString="GenuineIntel"
	VendorID="Intel Corporation"
	FamilyID="6"
	ModelID="5"
	ProcessorCacheSize="-1"
	NumberOfLogicalCPU="12"
	NumberOfPhysicalCPU="6"
	TotalVirtualMemory="17159"
	TotalPhysicalMemory="16135"
	LogicalProcessorsPerPhysical="2"
	ProcessorClockFrequency="2592"
	>
	<Testing>
		<StartDateTime>Sep 20 18:17 Central Daylight Time</StartDateTime>
		<StartTestTime>1695251824</StartTestTime>
		<TestList/>
		<EndDateTime>Sep 20 18:17 Central Daylight Time</EndDateTime>
		<EndTestTime>1695251824</EndTestTime>
		<ElapsedMinutes>0</ElapsedMinutes>
	</Testing>
</Site>
